Array
(
    [timestamp] => 2025-06-24 14:36:49
    [status] => 422
    [error] => The requested URL returned error: 422
    [response] => 
    [recipient] => pkotsorgios654@gmail.com
    [subject] => Password Reset Request
)

[2025-06-24 14:43:17]
HTTP Status: 422
MailerSend Errors:
- 
Recipient: pkotsorgios654@gmail.com
Subject: Password Reset Request
Payload: Array
(
    [from] => Array
        (
            [email] => pkotsorgios654@gmail.com
            [name] => Library System
        )

    [to] => Array
        (
            [0] => Array
                (
                    [email] => pkotsorgios654@gmail.com
                    [name] => Panagiotis
                )

        )

    [subject] => Password Reset Request
    [text] => Hello Panagiotis,

You requested a password reset for your account.

Please click the following link to reset your password:
https://localhost/reset_password.php?token=53ed971b8602dd31629eb18fb54bee57aef9d6137e7ccc8da9867a379805d933

This link will expire in 1 hour.

If you didn't request this, please ignore this email.

Regards,
Library System
)


